Content-Type: multipart/alternative;
 boundary="===============6686793089018606505=="
MIME-Version: 1.0
Subject: Restore password
From: test@example.com
To: michaelbmoss2@gmail.com
Date: Fri, 22 Mar 2019 20:14:37 -0000
Message-ID: <155328567723.23063.16210737492307562230@ubuntu>

--===============6686793089018606505==
Content-Type: text/plain; charset="utf-8"
MIME-Version: 1.0
Content-Transfer-Encoding: 7bit



You received this email because you requested a password reset for your user account.

Please, go to the following page and choose a new password:

http://localhost:8000/accounts/restore/Mg/54u-96ced2e4ce8338b443b2/

--===============6686793089018606505==
Content-Type: text/html; charset="utf-8"
MIME-Version: 1.0
Content-Transfer-Encoding: 7bit



<!DOCTYPE html PUBLIC "-//W3C//DTD XHTML 1.0 Transitional//EN"
        "http://www.w3.org/TR/xhtml1/DTD/xhtml1-transitional.dtd">
<html xmlns="http://www.w3.org/1999/xhtml">
<head>
    <meta http-equiv="Content-Type" content="text/html; charset=UTF-8"/>
    <title>Restore password</title>
    <meta name="viewport" content="width=device-width, initial-scale=1.0"/>
</head>

<body>

<p>
    You received this email because you requested a password reset for your user account.
</p>

<p>
    Please, go to the following page and choose a new password:
</p>

<p>
    <a href="http://localhost:8000/accounts/restore/Mg/54u-96ced2e4ce8338b443b2/">http://localhost:8000/accounts/restore/Mg/54u-96ced2e4ce8338b443b2/</a>
</p>

</body>

</html>

--===============6686793089018606505==--

-------------------------------------------------------------------------------
